<?xml version="1.0" encoding="UTF-8"?>
<coverage generated="1645827243195" clover="3.2.0">
  <project timestamp="1645827243195" name="All files">
    <metrics statements="123" coveredstatements="120" conditionals="19" coveredconditionals="12" methods="33" coveredmethods="30" elements="175" coveredelements="162" complexity="0" loc="123" ncloc="123" packages="4" files="11" classes="11"/>
    <package name="src">
      <metrics statements="34" coveredstatements="34" conditionals="7" coveredconditionals="4" methods="10" coveredmethods="10"/>
      <file name="cambios.js" path="/home/marijuli/Documentos/Programación/pokedex/src/cambios.js">
        <metrics statements="14" coveredstatements="14" conditionals="1" coveredconditionals="0" methods="2" coveredmethods="2"/>
        <line num="18" count="1" type="stmt"/>
        <line num="20" count="1" type="stmt"/>
        <line num="21" count="1" type="stmt"/>
        <line num="22" count="1" type="stmt"/>
        <line num="23" count="1" type="stmt"/>
        <line num="26" count="1" type="stmt"/>
        <line num="29" count="6" type="stmt"/>
        <line num="33" count="8" type="stmt"/>
        <line num="34" count="8" type="stmt"/>
        <line num="35" count="8" type="stmt"/>
        <line num="37" count="8" type="stmt"/>
        <line num="38" count="8" type="stmt"/>
        <line num="39" count="8" type="stmt"/>
        <line num="42" count="8" type="stmt"/>
      </file>
      <file name="index.js" path="/home/marijuli/Documentos/Programación/pokedex/src/index.js">
        <metrics statements="1" coveredstatements="1" conditionals="0" coveredconditionals="0" methods="0" coveredmethods="0"/>
        <line num="4" count="1" type="stmt"/>
      </file>
      <file name="localStorage.js" path="/home/marijuli/Documentos/Programación/pokedex/src/localStorage.js">
        <metrics statements="12" coveredstatements="12" conditionals="4" coveredconditionals="4" methods="4" coveredmethods="4"/>
        <line num="3" count="2" type="stmt"/>
        <line num="4" count="2" type="cond" truecount="2" falsecount="0"/>
        <line num="5" count="1" type="stmt"/>
        <line num="8" count="1" type="stmt"/>
        <line num="12" count="2" type="stmt"/>
        <line num="16" count="9" type="stmt"/>
        <line num="17" count="9" type="stmt"/>
        <line num="18" count="9" type="cond" truecount="2" falsecount="0"/>
        <line num="19" count="8" type="stmt"/>
        <line num="21" count="1" type="stmt"/>
        <line num="25" count="9" type="stmt"/>
        <line num="26" count="9" type="stmt"/>
      </file>
      <file name="pokeapi.js" path="/home/marijuli/Documentos/Programación/pokedex/src/pokeapi.js">
        <metrics statements="7" coveredstatements="7" conditionals="2" coveredconditionals="0" methods="4" coveredmethods="4"/>
        <line num="3" count="2" type="stmt"/>
        <line num="4" count="2" type="stmt"/>
        <line num="5" count="2" type="stmt"/>
        <line num="8" count="7" type="stmt"/>
        <line num="11" count="9" type="stmt"/>
        <line num="12" count="9" type="stmt"/>
        <line num="13" count="9" type="stmt"/>
      </file>
    </package>
    <package name="src.entidades">
      <metrics statements="8" coveredstatements="8" conditionals="1" coveredconditionals="0" methods="2" coveredmethods="2"/>
      <file name="datosPagina.js" path="/home/marijuli/Documentos/Programación/pokedex/src/entidades/datosPagina.js">
        <metrics statements="1" coveredstatements="1" conditionals="1" coveredconditionals="0" methods="1" coveredmethods="1"/>
        <line num="6" count="8" type="stmt"/>
      </file>
      <file name="pokemon.js" path="/home/marijuli/Documentos/Programación/pokedex/src/entidades/pokemon.js">
        <metrics statements="7" coveredstatements="7" conditionals="0" coveredconditionals="0" methods="1" coveredmethods="1"/>
        <line num="4" count="1" type="stmt"/>
        <line num="5" count="1" type="stmt"/>
        <line num="6" count="1" type="stmt"/>
        <line num="7" count="1" type="stmt"/>
        <line num="8" count="1" type="stmt"/>
        <line num="9" count="1" type="stmt"/>
        <line num="10" count="1" type="stmt"/>
      </file>
    </package>
    <package name="src.mapeadores">
      <metrics statements="5" coveredstatements="5" conditionals="0" coveredconditionals="0" methods="3" coveredmethods="3"/>
      <file name="mapeador.js" path="/home/marijuli/Documentos/Programación/pokedex/src/mapeadores/mapeador.js">
        <metrics statements="5" coveredstatements="5" conditionals="0" coveredconditionals="0" methods="3" coveredmethods="3"/>
        <line num="14" count="1" type="stmt"/>
        <line num="16" count="1" type="stmt"/>
        <line num="33" count="8" type="stmt"/>
        <line num="35" count="8" type="stmt"/>
        <line num="39" count="218" type="stmt"/>
      </file>
    </package>
    <package name="src.ui.js">
      <metrics statements="76" coveredstatements="73" conditionals="11" coveredconditionals="8" methods="18" coveredmethods="15"/>
      <file name="detallesPokemon.js" path="/home/marijuli/Documentos/Programación/pokedex/src/ui.js/detallesPokemon.js">
        <metrics statements="11" coveredstatements="11" conditionals="0" coveredconditionals="0" methods="3" coveredmethods="3"/>
        <line num="5" count="1" type="stmt"/>
        <line num="6" count="1" type="stmt"/>
        <line num="7" count="1" type="stmt"/>
        <line num="8" count="1" type="stmt"/>
        <line num="9" count="1" type="stmt"/>
        <line num="10" count="1" type="stmt"/>
        <line num="11" count="1" type="stmt"/>
        <line num="13" count="1" type="stmt"/>
        <line num="17" count="1" type="stmt"/>
        <line num="18" count="1" type="stmt"/>
        <line num="22" count="8" type="stmt"/>
      </file>
      <file name="manejoCambioDePagina.js" path="/home/marijuli/Documentos/Programación/pokedex/src/ui.js/manejoCambioDePagina.js">
        <metrics statements="35" coveredstatements="33" conditionals="10" coveredconditionals="8" methods="4" coveredmethods="4"/>
        <line num="14" count="7" type="stmt"/>
        <line num="15" count="7" type="stmt"/>
        <line num="17" count="7" type="cond" truecount="1" falsecount="1"/>
        <line num="18" count="7" type="cond" truecount="1" falsecount="1"/>
        <line num="19" count="7" type="stmt"/>
        <line num="20" count="7" type="stmt"/>
        <line num="23" count="0" type="stmt"/>
        <line num="26" count="7" type="cond" truecount="2" falsecount="0"/>
        <line num="27" count="2" type="stmt"/>
        <line num="28" count="2" type="stmt"/>
        <line num="29" count="2" type="stmt"/>
        <line num="30" count="2" type="stmt"/>
        <line num="35" count="7" type="stmt"/>
        <line num="36" count="7" type="stmt"/>
        <line num="37" count="7" type="stmt"/>
        <line num="38" count="7" type="stmt"/>
        <line num="39" count="7" type="stmt"/>
        <line num="40" count="7" type="stmt"/>
        <line num="44" count="7" type="stmt"/>
        <line num="45" count="7" type="cond" truecount="2" falsecount="0"/>
        <line num="46" count="6" type="stmt"/>
        <line num="47" count="6" type="stmt"/>
        <line num="48" count="6" type="stmt"/>
        <line num="50" count="1" type="stmt"/>
        <line num="53" count="7" type="stmt"/>
        <line num="54" count="7" type="cond" truecount="2" falsecount="0"/>
        <line num="55" count="6" type="stmt"/>
        <line num="56" count="6" type="stmt"/>
        <line num="57" count="6" type="stmt"/>
        <line num="59" count="1" type="stmt"/>
        <line num="65" count="12" type="stmt"/>
        <line num="66" count="12" type="stmt"/>
        <line num="67" count="12" type="stmt"/>
        <line num="69" count="0" type="stmt"/>
        <line num="71" count="12" type="stmt"/>
      </file>
      <file name="paginador.js" path="/home/marijuli/Documentos/Programación/pokedex/src/ui.js/paginador.js">
        <metrics statements="19" coveredstatements="19" conditionals="0" coveredconditionals="0" methods="5" coveredmethods="5"/>
        <line num="9" count="1" type="stmt"/>
        <line num="10" count="1" type="stmt"/>
        <line num="12" count="1" type="stmt"/>
        <line num="14" count="1" type="stmt"/>
        <line num="15" count="38" type="stmt"/>
        <line num="16" count="38" type="stmt"/>
        <line num="19" count="1" type="stmt"/>
        <line num="21" count="1" type="stmt"/>
        <line num="22" count="1" type="stmt"/>
        <line num="23" count="40" type="stmt"/>
        <line num="24" count="40" type="stmt"/>
        <line num="28" count="1" type="stmt"/>
        <line num="32" count="40" type="stmt"/>
        <line num="33" count="40" type="stmt"/>
        <line num="34" count="40" type="stmt"/>
        <line num="35" count="40" type="stmt"/>
        <line num="36" count="40" type="stmt"/>
        <line num="40" count="1" type="stmt"/>
        <line num="41" count="1" type="stmt"/>
      </file>
      <file name="tablero.js" path="/home/marijuli/Documentos/Programación/pokedex/src/ui.js/tablero.js">
        <metrics statements="11" coveredstatements="10" conditionals="1" coveredconditionals="0" methods="6" coveredmethods="3"/>
        <line num="8" count="2" type="stmt"/>
        <line num="9" count="0" type="stmt"/>
        <line num="14" count="2" type="stmt"/>
        <line num="15" count="2" type="stmt"/>
        <line num="16" count="2" type="stmt"/>
        <line num="17" count="60" type="stmt"/>
        <line num="18" count="60" type="stmt"/>
        <line num="19" count="60" type="stmt"/>
        <line num="20" count="60" type="stmt"/>
        <line num="21" count="60" type="stmt"/>
        <line num="22" count="60" type="stmt"/>
      </file>
    </package>
  </project>
</coverage>
