{"/home/marijuli/Documentos/Programación/pokedex/src/cambios.js": {"path":"/home/marijuli/Documentos/Programación/pokedex/src/cambios.js","statementMap":{"0":{"start":{"line":18,"column":24},"end":{"line":18,"column":53}},"1":{"start":{"line":20,"column":2},"end":{"line":24,"column":3}},"2":{"start":{"line":20,"column":8},"end":{"line":20,"column":52}},"3":{"start":{"line":21,"column":23},"end":{"line":21,"column":60}},"4":{"start":{"line":22,"column":4},"end":{"line":22,"column":40}},"5":{"start":{"line":23,"column":4},"end":{"line":23,"column":43}},"6":{"start":{"line":26,"column":2},"end":{"line":26,"column":17}},"7":{"start":{"line":29,"column":35},"end":{"line":29,"column":37}},"8":{"start":{"line":33,"column":17},"end":{"line":33,"column":34}},"9":{"start":{"line":34,"column":2},"end":{"line":40,"column":3}},"10":{"start":{"line":35,"column":4},"end":{"line":35,"column":51}},"11":{"start":{"line":37,"column":34},"end":{"line":37,"column":89}},"12":{"start":{"line":38,"column":4},"end":{"line":38,"column":59}},"13":{"start":{"line":39,"column":4},"end":{"line":39,"column":44}},"14":{"start":{"line":41,"column":2},"end":{"line":41,"column":21}}},"fnMap":{"0":{"name":"cargarPokemon","decl":{"start":{"line":17,"column":22},"end":{"line":17,"column":35}},"loc":{"start":{"line":17,"column":57},"end":{"line":27,"column":1}},"line":17},"1":{"name":"cargarDatosPagina","decl":{"start":{"line":31,"column":22},"end":{"line":31,"column":39}},"loc":{"start":{"line":31,"column":52},"end":{"line":42,"column":1}},"line":31}},"branchMap":{"0":{"loc":{"start":{"line":31,"column":40},"end":{"line":31,"column":50}},"type":"default-arg","locations":[{"start":{"line":31,"column":49},"end":{"line":31,"column":50}}],"line":31}},"s":{"0":0,"1":0,"2":0,"3":0,"4":0,"5":0,"6":0,"7":2,"8":0,"9":0,"10":0,"11":0,"12":0,"13":0,"14":0},"f":{"0":0,"1":0},"b":{"0":[0]},"_coverageSchema":"1a1c01bbd47fc00a2c39e90264f33305004495a9","hash":"d8b2b2da6e3f23ca9ea48cd170eb999156108482"}
,"/home/marijuli/Documentos/Programación/pokedex/src/localStorage.js": {"path":"/home/marijuli/Documentos/Programación/pokedex/src/localStorage.js","statementMap":{"0":{"start":{"line":3,"column":18},"end":{"line":3,"column":61}},"1":{"start":{"line":4,"column":2},"end":{"line":6,"column":3}},"2":{"start":{"line":5,"column":4},"end":{"line":5,"column":65}},"3":{"start":{"line":8,"column":2},"end":{"line":8,"column":17}},"4":{"start":{"line":12,"column":2},"end":{"line":12,"column":75}},"5":{"start":{"line":16,"column":20},"end":{"line":16,"column":38}},"6":{"start":{"line":17,"column":22},"end":{"line":17,"column":65}},"7":{"start":{"line":18,"column":2},"end":{"line":20,"column":3}},"8":{"start":{"line":19,"column":4},"end":{"line":19,"column":65}},"9":{"start":{"line":21,"column":2},"end":{"line":21,"column":21}},"10":{"start":{"line":25,"column":20},"end":{"line":25,"column":38}},"11":{"start":{"line":26,"column":2},"end":{"line":26,"column":70}}},"fnMap":{"0":{"name":"cargarPokemon","decl":{"start":{"line":2,"column":16},"end":{"line":2,"column":29}},"loc":{"start":{"line":2,"column":41},"end":{"line":9,"column":1}},"line":2},"1":{"name":"guardarPokemon","decl":{"start":{"line":11,"column":16},"end":{"line":11,"column":30}},"loc":{"start":{"line":11,"column":60},"end":{"line":13,"column":1}},"line":11},"2":{"name":"cargarDatosPagina","decl":{"start":{"line":15,"column":16},"end":{"line":15,"column":33}},"loc":{"start":{"line":15,"column":42},"end":{"line":22,"column":1}},"line":15},"3":{"name":"guardarDatosPagina","decl":{"start":{"line":24,"column":16},"end":{"line":24,"column":34}},"loc":{"start":{"line":24,"column":56},"end":{"line":27,"column":1}},"line":24}},"branchMap":{"0":{"loc":{"start":{"line":4,"column":2},"end":{"line":6,"column":3}},"type":"if","locations":[{"start":{"line":4,"column":2},"end":{"line":6,"column":3}},{"start":{},"end":{}}],"line":4},"1":{"loc":{"start":{"line":18,"column":2},"end":{"line":20,"column":3}},"type":"if","locations":[{"start":{"line":18,"column":2},"end":{"line":20,"column":3}},{"start":{},"end":{}}],"line":18}},"s":{"0":0,"1":0,"2":0,"3":0,"4":0,"5":0,"6":0,"7":0,"8":0,"9":0,"10":0,"11":0},"f":{"0":0,"1":0,"2":0,"3":0},"b":{"0":[0,0],"1":[0,0]},"_coverageSchema":"1a1c01bbd47fc00a2c39e90264f33305004495a9","hash":"da7783ccca67cfc71f980168242a750df006f4f5"}
,"/home/marijuli/Documentos/Programación/pokedex/src/pokeapi.js": {"path":"/home/marijuli/Documentos/Programación/pokedex/src/pokeapi.js","statementMap":{"0":{"start":{"line":2,"column":19},"end":{"line":2,"column":65}},"1":{"start":{"line":3,"column":4},"end":{"line":4,"column":47}},"2":{"start":{"line":4,"column":29},"end":{"line":4,"column":45}},"3":{"start":{"line":7,"column":28},"end":{"line":7,"column":30}},"4":{"start":{"line":10,"column":19},"end":{"line":10,"column":87}},"5":{"start":{"line":11,"column":4},"end":{"line":12,"column":47}},"6":{"start":{"line":12,"column":29},"end":{"line":12,"column":45}}},"fnMap":{"0":{"name":"cargarPokemon","decl":{"start":{"line":1,"column":16},"end":{"line":1,"column":29}},"loc":{"start":{"line":1,"column":39},"end":{"line":5,"column":1}},"line":1},"1":{"name":"(anonymous_1)","decl":{"start":{"line":4,"column":14},"end":{"line":4,"column":15}},"loc":{"start":{"line":4,"column":29},"end":{"line":4,"column":45}},"line":4},"2":{"name":"cargarDatosPagina","decl":{"start":{"line":9,"column":16},"end":{"line":9,"column":33}},"loc":{"start":{"line":9,"column":73},"end":{"line":13,"column":1}},"line":9},"3":{"name":"(anonymous_3)","decl":{"start":{"line":12,"column":14},"end":{"line":12,"column":15}},"loc":{"start":{"line":12,"column":29},"end":{"line":12,"column":45}},"line":12}},"branchMap":{"0":{"loc":{"start":{"line":9,"column":34},"end":{"line":9,"column":44}},"type":"default-arg","locations":[{"start":{"line":9,"column":43},"end":{"line":9,"column":44}}],"line":9},"1":{"loc":{"start":{"line":9,"column":45},"end":{"line":9,"column":72}},"type":"default-arg","locations":[{"start":{"line":9,"column":53},"end":{"line":9,"column":72}}],"line":9}},"s":{"0":0,"1":0,"2":0,"3":2,"4":0,"5":0,"6":0},"f":{"0":0,"1":0,"2":0,"3":0},"b":{"0":[0],"1":[0]},"_coverageSchema":"1a1c01bbd47fc00a2c39e90264f33305004495a9","hash":"247fffc096f47b5151b2c0f51c5454ea8019f531"}
,"/home/marijuli/Documentos/Programación/pokedex/src/entidades/datosPagina.js": {"path":"/home/marijuli/Documentos/Programación/pokedex/src/entidades/datosPagina.js","statementMap":{"0":{"start":{"line":3,"column":8},"end":{"line":6,"column":48}}},"fnMap":{"0":{"name":"(anonymous_0)","decl":{"start":{"line":2,"column":4},"end":{"line":2,"column":5}},"loc":{"start":{"line":2,"column":79},"end":{"line":7,"column":5}},"line":2}},"branchMap":{"0":{"loc":{"start":{"line":2,"column":58},"end":{"line":2,"column":78}},"type":"default-arg","locations":[{"start":{"line":2,"column":76},"end":{"line":2,"column":78}}],"line":2}},"s":{"0":0},"f":{"0":0},"b":{"0":[0]},"_coverageSchema":"1a1c01bbd47fc00a2c39e90264f33305004495a9","hash":"899239b3b83933f6e50a5b53e7777b8d32378e19"}
,"/home/marijuli/Documentos/Programación/pokedex/src/entidades/pokemon.js": {"path":"/home/marijuli/Documentos/Programación/pokedex/src/entidades/pokemon.js","statementMap":{"0":{"start":{"line":3,"column":0},"end":{"line":3,"column":21}},"1":{"start":{"line":4,"column":0},"end":{"line":4,"column":17}},"2":{"start":{"line":5,"column":0},"end":{"line":5,"column":13}},"3":{"start":{"line":6,"column":0},"end":{"line":6,"column":27}},"4":{"start":{"line":7,"column":0},"end":{"line":7,"column":27}},"5":{"start":{"line":8,"column":0},"end":{"line":8,"column":17}},"6":{"start":{"line":9,"column":0},"end":{"line":9,"column":20}}},"fnMap":{"0":{"name":"(anonymous_0)","decl":{"start":{"line":2,"column":0},"end":{"line":2,"column":1}},"loc":{"start":{"line":2,"column":65},"end":{"line":10,"column":1}},"line":2}},"branchMap":{},"s":{"0":0,"1":0,"2":0,"3":0,"4":0,"5":0,"6":0},"f":{"0":0},"b":{},"_coverageSchema":"1a1c01bbd47fc00a2c39e90264f33305004495a9","hash":"f0fa9d10a4dd4be78bad64ac23808b4d09987e00"}
,"/home/marijuli/Documentos/Programación/pokedex/src/mapeadores/mapeador.js": {"path":"/home/marijuli/Documentos/Programación/pokedex/src/mapeadores/mapeador.js","statementMap":{"0":{"start":{"line":14,"column":4},"end":{"line":14,"column":12}},"1":{"start":{"line":16,"column":4},"end":{"line":23,"column":16}},"2":{"start":{"line":32,"column":8},"end":{"line":32,"column":16}},"3":{"start":{"line":34,"column":4},"end":{"line":39,"column":5}},"4":{"start":{"line":38,"column":32},"end":{"line":38,"column":44}}},"fnMap":{"0":{"name":"mapearPokemon","decl":{"start":{"line":5,"column":16},"end":{"line":5,"column":29}},"loc":{"start":{"line":5,"column":39},"end":{"line":24,"column":1}},"line":5},"1":{"name":"mapearDatosPagina","decl":{"start":{"line":26,"column":17},"end":{"line":26,"column":34}},"loc":{"start":{"line":26,"column":44},"end":{"line":41,"column":1}},"line":26},"2":{"name":"(anonymous_2)","decl":{"start":{"line":38,"column":20},"end":{"line":38,"column":21}},"loc":{"start":{"line":38,"column":32},"end":{"line":38,"column":44}},"line":38}},"branchMap":{},"s":{"0":0,"1":0,"2":0,"3":0,"4":0},"f":{"0":0,"1":0,"2":0},"b":{},"_coverageSchema":"1a1c01bbd47fc00a2c39e90264f33305004495a9","hash":"1dce896031b5869c1c1752884abae78d4edf9f33"}
,"/home/marijuli/Documentos/Programación/pokedex/src/ui.js/detallesPokemon.js": {"path":"/home/marijuli/Documentos/Programación/pokedex/src/ui.js/detallesPokemon.js","statementMap":{"0":{"start":{"line":5,"column":2},"end":{"line":5,"column":71}},"1":{"start":{"line":6,"column":2},"end":{"line":6,"column":67}},"2":{"start":{"line":7,"column":2},"end":{"line":7,"column":61}},"3":{"start":{"line":8,"column":2},"end":{"line":8,"column":77}},"4":{"start":{"line":9,"column":2},"end":{"line":9,"column":77}},"5":{"start":{"line":10,"column":2},"end":{"line":10,"column":67}},"6":{"start":{"line":11,"column":2},"end":{"line":11,"column":71}},"7":{"start":{"line":13,"column":2},"end":{"line":13,"column":23}},"8":{"start":{"line":17,"column":2},"end":{"line":17,"column":73}},"9":{"start":{"line":18,"column":2},"end":{"line":18,"column":61}},"10":{"start":{"line":22,"column":2},"end":{"line":22,"column":65}}},"fnMap":{"0":{"name":"mostrarDetallesPokemon","decl":{"start":{"line":4,"column":22},"end":{"line":4,"column":44}},"loc":{"start":{"line":4,"column":62},"end":{"line":14,"column":1}},"line":4},"1":{"name":"mostrarInfoPokemon","decl":{"start":{"line":16,"column":9},"end":{"line":16,"column":27}},"loc":{"start":{"line":16,"column":30},"end":{"line":19,"column":1}},"line":16},"2":{"name":"cerrarInfoPokemon","decl":{"start":{"line":21,"column":16},"end":{"line":21,"column":33}},"loc":{"start":{"line":21,"column":36},"end":{"line":23,"column":1}},"line":21}},"branchMap":{},"s":{"0":1,"1":1,"2":1,"3":1,"4":1,"5":1,"6":1,"7":1,"8":1,"9":1,"10":1},"f":{"0":1,"1":1,"2":1},"b":{},"_coverageSchema":"1a1c01bbd47fc00a2c39e90264f33305004495a9","hash":"dc2b385413bbe9af0e8b8c6a692c32b50d768743"}
,"/home/marijuli/Documentos/Programación/pokedex/src/ui.js/paginador.js": {"path":"/home/marijuli/Documentos/Programación/pokedex/src/ui.js/paginador.js","statementMap":{"0":{"start":{"line":9,"column":18},"end":{"line":9,"column":51}},"1":{"start":{"line":10,"column":28},"end":{"line":10,"column":75}},"2":{"start":{"line":12,"column":2},"end":{"line":12,"column":52}},"3":{"start":{"line":14,"column":2},"end":{"line":17,"column":3}},"4":{"start":{"line":14,"column":20},"end":{"line":14,"column":21}},"5":{"start":{"line":15,"column":25},"end":{"line":15,"column":59}},"6":{"start":{"line":16,"column":4},"end":{"line":16,"column":66}},"7":{"start":{"line":19,"column":2},"end":{"line":19,"column":52}},"8":{"start":{"line":21,"column":2},"end":{"line":23,"column":4}},"9":{"start":{"line":22,"column":4},"end":{"line":22,"column":22}},"10":{"start":{"line":25,"column":2},"end":{"line":25,"column":43}},"11":{"start":{"line":29,"column":18},"end":{"line":29,"column":47}},"12":{"start":{"line":30,"column":2},"end":{"line":30,"column":34}},"13":{"start":{"line":31,"column":2},"end":{"line":31,"column":31}},"14":{"start":{"line":32,"column":2},"end":{"line":32,"column":41}},"15":{"start":{"line":33,"column":2},"end":{"line":33,"column":17}},"16":{"start":{"line":37,"column":2},"end":{"line":37,"column":28}},"17":{"start":{"line":38,"column":2},"end":{"line":38,"column":45}}},"fnMap":{"0":{"name":"armarPaginador","decl":{"start":{"line":8,"column":16},"end":{"line":8,"column":30}},"loc":{"start":{"line":8,"column":63},"end":{"line":26,"column":1}},"line":8},"1":{"name":"(anonymous_1)","decl":{"start":{"line":21,"column":20},"end":{"line":21,"column":21}},"loc":{"start":{"line":21,"column":27},"end":{"line":23,"column":3}},"line":21},"2":{"name":"crearItemPaginador","decl":{"start":{"line":28,"column":9},"end":{"line":28,"column":27}},"loc":{"start":{"line":28,"column":44},"end":{"line":34,"column":1}},"line":28},"3":{"name":"identificarPaginasGuia","decl":{"start":{"line":36,"column":9},"end":{"line":36,"column":31}},"loc":{"start":{"line":36,"column":40},"end":{"line":39,"column":1}},"line":36}},"branchMap":{},"s":{"0":1,"1":1,"2":1,"3":1,"4":1,"5":38,"6":38,"7":1,"8":1,"9":40,"10":1,"11":40,"12":40,"13":40,"14":40,"15":40,"16":1,"17":1},"f":{"0":1,"1":40,"2":40,"3":1},"b":{},"_coverageSchema":"1a1c01bbd47fc00a2c39e90264f33305004495a9","hash":"5c0172cc7cf9b2f001e119dc43159b1d837d5a0e"}
,"/home/marijuli/Documentos/Programación/pokedex/src/ui.js/tablero.js": {"path":"/home/marijuli/Documentos/Programación/pokedex/src/ui.js/tablero.js","statementMap":{"0":{"start":{"line":8,"column":2},"end":{"line":10,"column":5}},"1":{"start":{"line":9,"column":4},"end":{"line":9,"column":56}},"2":{"start":{"line":14,"column":19},"end":{"line":14,"column":57}},"3":{"start":{"line":15,"column":2},"end":{"line":15,"column":26}},"4":{"start":{"line":16,"column":2},"end":{"line":23,"column":6}},"5":{"start":{"line":17,"column":19},"end":{"line":17,"column":48}},"6":{"start":{"line":18,"column":4},"end":{"line":18,"column":38}},"7":{"start":{"line":19,"column":4},"end":{"line":19,"column":33}},"8":{"start":{"line":20,"column":4},"end":{"line":20,"column":24}},"9":{"start":{"line":21,"column":4},"end":{"line":21,"column":61}},"10":{"start":{"line":21,"column":30},"end":{"line":21,"column":58}},"11":{"start":{"line":22,"column":4},"end":{"line":22,"column":33}}},"fnMap":{"0":{"name":"armarTablero","decl":{"start":{"line":7,"column":16},"end":{"line":7,"column":28}},"loc":{"start":{"line":7,"column":47},"end":{"line":11,"column":1}},"line":7},"1":{"name":"(anonymous_1)","decl":{"start":{"line":8,"column":44},"end":{"line":8,"column":45}},"loc":{"start":{"line":8,"column":62},"end":{"line":10,"column":3}},"line":8},"2":{"name":"asignarPokemones","decl":{"start":{"line":13,"column":9},"end":{"line":13,"column":25}},"loc":{"start":{"line":13,"column":81},"end":{"line":24,"column":1}},"line":13},"3":{"name":"(anonymous_3)","decl":{"start":{"line":13,"column":71},"end":{"line":13,"column":72}},"loc":{"start":{"line":13,"column":77},"end":{"line":13,"column":79}},"line":13},"4":{"name":"(anonymous_4)","decl":{"start":{"line":16,"column":28},"end":{"line":16,"column":29}},"loc":{"start":{"line":16,"column":41},"end":{"line":23,"column":3}},"line":16},"5":{"name":"(anonymous_5)","decl":{"start":{"line":21,"column":21},"end":{"line":21,"column":22}},"loc":{"start":{"line":21,"column":28},"end":{"line":21,"column":60}},"line":21}},"branchMap":{"0":{"loc":{"start":{"line":13,"column":44},"end":{"line":13,"column":79}},"type":"default-arg","locations":[{"start":{"line":13,"column":71},"end":{"line":13,"column":79}}],"line":13}},"s":{"0":2,"1":0,"2":2,"3":2,"4":2,"5":60,"6":60,"7":60,"8":60,"9":60,"10":0,"11":60},"f":{"0":2,"1":0,"2":2,"3":0,"4":60,"5":0},"b":{"0":[0]},"_coverageSchema":"1a1c01bbd47fc00a2c39e90264f33305004495a9","hash":"f93dc52eb04550e3e05f4a28a5f88410d733eafe"}
}
