{"/home/marijuli/Documentos/Programación/pokedex/src/cambios.js": {"path":"/home/marijuli/Documentos/Programación/pokedex/src/cambios.js","statementMap":{"0":{"start":{"line":18,"column":24},"end":{"line":18,"column":53}},"1":{"start":{"line":20,"column":2},"end":{"line":24,"column":3}},"2":{"start":{"line":20,"column":8},"end":{"line":20,"column":52}},"3":{"start":{"line":21,"column":23},"end":{"line":21,"column":60}},"4":{"start":{"line":22,"column":4},"end":{"line":22,"column":40}},"5":{"start":{"line":23,"column":4},"end":{"line":23,"column":43}},"6":{"start":{"line":26,"column":2},"end":{"line":26,"column":17}},"7":{"start":{"line":29,"column":35},"end":{"line":29,"column":37}},"8":{"start":{"line":33,"column":17},"end":{"line":33,"column":34}},"9":{"start":{"line":34,"column":2},"end":{"line":40,"column":3}},"10":{"start":{"line":35,"column":4},"end":{"line":35,"column":51}},"11":{"start":{"line":37,"column":34},"end":{"line":37,"column":89}},"12":{"start":{"line":38,"column":4},"end":{"line":38,"column":59}},"13":{"start":{"line":39,"column":4},"end":{"line":39,"column":44}},"14":{"start":{"line":42,"column":2},"end":{"line":42,"column":21}}},"fnMap":{"0":{"name":"cargarPokemon","decl":{"start":{"line":17,"column":22},"end":{"line":17,"column":35}},"loc":{"start":{"line":17,"column":57},"end":{"line":27,"column":1}},"line":17},"1":{"name":"cargarDatosPagina","decl":{"start":{"line":31,"column":22},"end":{"line":31,"column":39}},"loc":{"start":{"line":31,"column":52},"end":{"line":43,"column":1}},"line":31}},"branchMap":{"0":{"loc":{"start":{"line":31,"column":40},"end":{"line":31,"column":50}},"type":"default-arg","locations":[{"start":{"line":31,"column":49},"end":{"line":31,"column":50}}],"line":31}},"s":{"0":1,"1":1,"2":1,"3":1,"4":1,"5":1,"6":1,"7":6,"8":8,"9":8,"10":8,"11":8,"12":8,"13":8,"14":8},"f":{"0":1,"1":8},"b":{"0":[0]},"_coverageSchema":"1a1c01bbd47fc00a2c39e90264f33305004495a9","hash":"8fe444728cca0cb3fa70ae8f14c47efce97f31d2"}
,"/home/marijuli/Documentos/Programación/pokedex/src/index.js": {"path":"/home/marijuli/Documentos/Programación/pokedex/src/index.js","statementMap":{"0":{"start":{"line":4,"column":0},"end":{"line":4,"column":14}}},"fnMap":{},"branchMap":{},"s":{"0":1},"f":{},"b":{},"_coverageSchema":"1a1c01bbd47fc00a2c39e90264f33305004495a9","hash":"a753680838a935d7a02fb1de01782c83516006a3"}
,"/home/marijuli/Documentos/Programación/pokedex/src/localStorage.js": {"path":"/home/marijuli/Documentos/Programación/pokedex/src/localStorage.js","statementMap":{"0":{"start":{"line":3,"column":18},"end":{"line":3,"column":61}},"1":{"start":{"line":4,"column":2},"end":{"line":6,"column":3}},"2":{"start":{"line":5,"column":4},"end":{"line":5,"column":65}},"3":{"start":{"line":8,"column":2},"end":{"line":8,"column":17}},"4":{"start":{"line":12,"column":2},"end":{"line":12,"column":75}},"5":{"start":{"line":16,"column":20},"end":{"line":16,"column":38}},"6":{"start":{"line":17,"column":22},"end":{"line":17,"column":65}},"7":{"start":{"line":18,"column":2},"end":{"line":20,"column":3}},"8":{"start":{"line":19,"column":4},"end":{"line":19,"column":65}},"9":{"start":{"line":21,"column":2},"end":{"line":21,"column":21}},"10":{"start":{"line":25,"column":20},"end":{"line":25,"column":38}},"11":{"start":{"line":26,"column":2},"end":{"line":26,"column":70}}},"fnMap":{"0":{"name":"cargarPokemon","decl":{"start":{"line":2,"column":16},"end":{"line":2,"column":29}},"loc":{"start":{"line":2,"column":41},"end":{"line":9,"column":1}},"line":2},"1":{"name":"guardarPokemon","decl":{"start":{"line":11,"column":16},"end":{"line":11,"column":30}},"loc":{"start":{"line":11,"column":60},"end":{"line":13,"column":1}},"line":11},"2":{"name":"cargarDatosPagina","decl":{"start":{"line":15,"column":16},"end":{"line":15,"column":33}},"loc":{"start":{"line":15,"column":42},"end":{"line":22,"column":1}},"line":15},"3":{"name":"guardarDatosPagina","decl":{"start":{"line":24,"column":16},"end":{"line":24,"column":34}},"loc":{"start":{"line":24,"column":56},"end":{"line":27,"column":1}},"line":24}},"branchMap":{"0":{"loc":{"start":{"line":4,"column":2},"end":{"line":6,"column":3}},"type":"if","locations":[{"start":{"line":4,"column":2},"end":{"line":6,"column":3}},{"start":{},"end":{}}],"line":4},"1":{"loc":{"start":{"line":18,"column":2},"end":{"line":20,"column":3}},"type":"if","locations":[{"start":{"line":18,"column":2},"end":{"line":20,"column":3}},{"start":{},"end":{}}],"line":18}},"s":{"0":2,"1":2,"2":1,"3":1,"4":2,"5":9,"6":9,"7":9,"8":8,"9":1,"10":9,"11":9},"f":{"0":2,"1":2,"2":9,"3":9},"b":{"0":[1,1],"1":[8,1]},"_coverageSchema":"1a1c01bbd47fc00a2c39e90264f33305004495a9","hash":"da7783ccca67cfc71f980168242a750df006f4f5"}
,"/home/marijuli/Documentos/Programación/pokedex/src/pokeapi.js": {"path":"/home/marijuli/Documentos/Programación/pokedex/src/pokeapi.js","statementMap":{"0":{"start":{"line":3,"column":17},"end":{"line":3,"column":63}},"1":{"start":{"line":4,"column":2},"end":{"line":5,"column":43}},"2":{"start":{"line":5,"column":25},"end":{"line":5,"column":41}},"3":{"start":{"line":8,"column":28},"end":{"line":8,"column":30}},"4":{"start":{"line":11,"column":17},"end":{"line":11,"column":85}},"5":{"start":{"line":12,"column":2},"end":{"line":13,"column":43}},"6":{"start":{"line":13,"column":25},"end":{"line":13,"column":41}}},"fnMap":{"0":{"name":"cargarPokemon","decl":{"start":{"line":2,"column":16},"end":{"line":2,"column":29}},"loc":{"start":{"line":2,"column":39},"end":{"line":6,"column":1}},"line":2},"1":{"name":"(anonymous_1)","decl":{"start":{"line":5,"column":10},"end":{"line":5,"column":11}},"loc":{"start":{"line":5,"column":25},"end":{"line":5,"column":41}},"line":5},"2":{"name":"cargarDatosPagina","decl":{"start":{"line":10,"column":16},"end":{"line":10,"column":33}},"loc":{"start":{"line":10,"column":75},"end":{"line":14,"column":1}},"line":10},"3":{"name":"(anonymous_3)","decl":{"start":{"line":13,"column":10},"end":{"line":13,"column":11}},"loc":{"start":{"line":13,"column":25},"end":{"line":13,"column":41}},"line":13}},"branchMap":{"0":{"loc":{"start":{"line":10,"column":34},"end":{"line":10,"column":44}},"type":"default-arg","locations":[{"start":{"line":10,"column":43},"end":{"line":10,"column":44}}],"line":10},"1":{"loc":{"start":{"line":10,"column":46},"end":{"line":10,"column":73}},"type":"default-arg","locations":[{"start":{"line":10,"column":54},"end":{"line":10,"column":73}}],"line":10}},"s":{"0":2,"1":2,"2":2,"3":7,"4":9,"5":9,"6":9},"f":{"0":2,"1":2,"2":9,"3":9},"b":{"0":[0],"1":[0]},"_coverageSchema":"1a1c01bbd47fc00a2c39e90264f33305004495a9","hash":"7c5771a5314a6d12c14c179a5ef2011cf5e9c020"}
,"/home/marijuli/Documentos/Programación/pokedex/src/entidades/datosPagina.js": {"path":"/home/marijuli/Documentos/Programación/pokedex/src/entidades/datosPagina.js","statementMap":{"0":{"start":{"line":6,"column":4},"end":{"line":9,"column":45}}},"fnMap":{"0":{"name":"(anonymous_0)","decl":{"start":{"line":5,"column":2},"end":{"line":5,"column":3}},"loc":{"start":{"line":5,"column":80},"end":{"line":10,"column":3}},"line":5}},"branchMap":{"0":{"loc":{"start":{"line":5,"column":57},"end":{"line":5,"column":78}},"type":"default-arg","locations":[{"start":{"line":5,"column":76},"end":{"line":5,"column":78}}],"line":5}},"s":{"0":8},"f":{"0":8},"b":{"0":[0]},"_coverageSchema":"1a1c01bbd47fc00a2c39e90264f33305004495a9","hash":"010e067f5de2d3a8ed58263f397573da9d737c28"}
,"/home/marijuli/Documentos/Programación/pokedex/src/entidades/pokemon.js": {"path":"/home/marijuli/Documentos/Programación/pokedex/src/entidades/pokemon.js","statementMap":{"0":{"start":{"line":4,"column":4},"end":{"line":4,"column":25}},"1":{"start":{"line":5,"column":4},"end":{"line":5,"column":21}},"2":{"start":{"line":6,"column":4},"end":{"line":6,"column":17}},"3":{"start":{"line":7,"column":4},"end":{"line":7,"column":31}},"4":{"start":{"line":8,"column":4},"end":{"line":8,"column":31}},"5":{"start":{"line":9,"column":4},"end":{"line":9,"column":21}},"6":{"start":{"line":10,"column":4},"end":{"line":10,"column":25}}},"fnMap":{"0":{"name":"(anonymous_0)","decl":{"start":{"line":3,"column":2},"end":{"line":3,"column":3}},"loc":{"start":{"line":3,"column":68},"end":{"line":11,"column":3}},"line":3}},"branchMap":{},"s":{"0":1,"1":1,"2":1,"3":1,"4":1,"5":1,"6":1},"f":{"0":1},"b":{},"_coverageSchema":"1a1c01bbd47fc00a2c39e90264f33305004495a9","hash":"f1354933cbc5f814a5886f88fc46ad9750cda08b"}
,"/home/marijuli/Documentos/Programación/pokedex/src/mapeadores/mapeador.js": {"path":"/home/marijuli/Documentos/Programación/pokedex/src/mapeadores/mapeador.js","statementMap":{"0":{"start":{"line":14,"column":6},"end":{"line":14,"column":14}},"1":{"start":{"line":16,"column":2},"end":{"line":24,"column":4}},"2":{"start":{"line":33,"column":6},"end":{"line":33,"column":14}},"3":{"start":{"line":35,"column":2},"end":{"line":40,"column":4}},"4":{"start":{"line":39,"column":29},"end":{"line":39,"column":41}}},"fnMap":{"0":{"name":"mapearPokemon","decl":{"start":{"line":5,"column":16},"end":{"line":5,"column":29}},"loc":{"start":{"line":5,"column":40},"end":{"line":25,"column":1}},"line":5},"1":{"name":"mapearDatosPagina","decl":{"start":{"line":27,"column":16},"end":{"line":27,"column":33}},"loc":{"start":{"line":27,"column":44},"end":{"line":41,"column":1}},"line":27},"2":{"name":"(anonymous_2)","decl":{"start":{"line":39,"column":16},"end":{"line":39,"column":17}},"loc":{"start":{"line":39,"column":29},"end":{"line":39,"column":41}},"line":39}},"branchMap":{},"s":{"0":1,"1":1,"2":8,"3":8,"4":218},"f":{"0":1,"1":8,"2":218},"b":{},"_coverageSchema":"1a1c01bbd47fc00a2c39e90264f33305004495a9","hash":"ae9ed31856b526b6cdf514224a216203b6b46929"}
,"/home/marijuli/Documentos/Programación/pokedex/src/ui.js/detallesPokemon.js": {"path":"/home/marijuli/Documentos/Programación/pokedex/src/ui.js/detallesPokemon.js","statementMap":{"0":{"start":{"line":5,"column":2},"end":{"line":5,"column":71}},"1":{"start":{"line":6,"column":2},"end":{"line":6,"column":67}},"2":{"start":{"line":7,"column":2},"end":{"line":7,"column":61}},"3":{"start":{"line":8,"column":2},"end":{"line":8,"column":77}},"4":{"start":{"line":9,"column":2},"end":{"line":9,"column":77}},"5":{"start":{"line":10,"column":2},"end":{"line":10,"column":67}},"6":{"start":{"line":11,"column":2},"end":{"line":11,"column":71}},"7":{"start":{"line":13,"column":2},"end":{"line":13,"column":30}},"8":{"start":{"line":17,"column":2},"end":{"line":17,"column":73}},"9":{"start":{"line":18,"column":2},"end":{"line":18,"column":61}},"10":{"start":{"line":22,"column":2},"end":{"line":22,"column":65}}},"fnMap":{"0":{"name":"mostrarDetallesPokemon","decl":{"start":{"line":4,"column":22},"end":{"line":4,"column":44}},"loc":{"start":{"line":4,"column":62},"end":{"line":14,"column":1}},"line":4},"1":{"name":"mostrarInfoPokemon","decl":{"start":{"line":16,"column":9},"end":{"line":16,"column":27}},"loc":{"start":{"line":16,"column":30},"end":{"line":19,"column":1}},"line":16},"2":{"name":"cerrarInfoPokemon","decl":{"start":{"line":21,"column":16},"end":{"line":21,"column":33}},"loc":{"start":{"line":21,"column":36},"end":{"line":23,"column":1}},"line":21}},"branchMap":{},"s":{"0":1,"1":1,"2":1,"3":1,"4":1,"5":1,"6":1,"7":1,"8":1,"9":1,"10":8},"f":{"0":1,"1":1,"2":8},"b":{},"_coverageSchema":"1a1c01bbd47fc00a2c39e90264f33305004495a9","hash":"6043c857a55f011457f1d6b1c917b8c529dd115a"}
,"/home/marijuli/Documentos/Programación/pokedex/src/ui.js/manejoCambioDePagina.js": {"path":"/home/marijuli/Documentos/Programación/pokedex/src/ui.js/manejoCambioDePagina.js","statementMap":{"0":{"start":{"line":14,"column":23},"end":{"line":14,"column":62}},"1":{"start":{"line":15,"column":18},"end":{"line":15,"column":31}},"2":{"start":{"line":17,"column":2},"end":{"line":24,"column":3}},"3":{"start":{"line":18,"column":4},"end":{"line":21,"column":5}},"4":{"start":{"line":19,"column":6},"end":{"line":19,"column":52}},"5":{"start":{"line":20,"column":6},"end":{"line":20,"column":44}},"6":{"start":{"line":23,"column":4},"end":{"line":23,"column":42}},"7":{"start":{"line":26,"column":2},"end":{"line":31,"column":3}},"8":{"start":{"line":27,"column":31},"end":{"line":27,"column":72}},"9":{"start":{"line":28,"column":20},"end":{"line":28,"column":56}},"10":{"start":{"line":29,"column":4},"end":{"line":29,"column":40}},"11":{"start":{"line":30,"column":4},"end":{"line":30,"column":45}},"12":{"start":{"line":35,"column":2},"end":{"line":35,"column":45}},"13":{"start":{"line":36,"column":23},"end":{"line":36,"column":71}},"14":{"start":{"line":37,"column":22},"end":{"line":37,"column":59}},"15":{"start":{"line":38,"column":2},"end":{"line":38,"column":37}},"16":{"start":{"line":39,"column":2},"end":{"line":39,"column":22}},"17":{"start":{"line":40,"column":2},"end":{"line":40,"column":63}},"18":{"start":{"line":44,"column":26},"end":{"line":44,"column":61}},"19":{"start":{"line":45,"column":2},"end":{"line":51,"column":3}},"20":{"start":{"line":46,"column":27},"end":{"line":46,"column":71}},"21":{"start":{"line":47,"column":4},"end":{"line":47,"column":59}},"22":{"start":{"line":48,"column":4},"end":{"line":48,"column":54}},"23":{"start":{"line":50,"column":4},"end":{"line":50,"column":51}},"24":{"start":{"line":53,"column":27},"end":{"line":53,"column":63}},"25":{"start":{"line":54,"column":2},"end":{"line":60,"column":3}},"26":{"start":{"line":55,"column":28},"end":{"line":55,"column":73}},"27":{"start":{"line":56,"column":4},"end":{"line":56,"column":61}},"28":{"start":{"line":57,"column":4},"end":{"line":57,"column":55}},"29":{"start":{"line":59,"column":4},"end":{"line":59,"column":52}},"30":{"start":{"line":65,"column":2},"end":{"line":70,"column":3}},"31":{"start":{"line":66,"column":4},"end":{"line":66,"column":48}},"32":{"start":{"line":67,"column":4},"end":{"line":67,"column":34}},"33":{"start":{"line":69,"column":4},"end":{"line":69,"column":23}},"34":{"start":{"line":71,"column":2},"end":{"line":71,"column":16}}},"fnMap":{"0":{"name":"actualizarIndicePagina","decl":{"start":{"line":13,"column":9},"end":{"line":13,"column":31}},"loc":{"start":{"line":13,"column":40},"end":{"line":32,"column":1}},"line":13},"1":{"name":"manejarCambioDePagina","decl":{"start":{"line":34,"column":22},"end":{"line":34,"column":43}},"loc":{"start":{"line":34,"column":89},"end":{"line":41,"column":1}},"line":34},"2":{"name":"actualizarPaginasGuia","decl":{"start":{"line":43,"column":9},"end":{"line":43,"column":30}},"loc":{"start":{"line":43,"column":44},"end":{"line":61,"column":1}},"line":43},"3":{"name":"obtenerOffsetPagina","decl":{"start":{"line":63,"column":9},"end":{"line":63,"column":28}},"loc":{"start":{"line":63,"column":34},"end":{"line":72,"column":1}},"line":63}},"branchMap":{"0":{"loc":{"start":{"line":17,"column":2},"end":{"line":24,"column":3}},"type":"if","locations":[{"start":{"line":17,"column":2},"end":{"line":24,"column":3}},{"start":{"line":22,"column":9},"end":{"line":24,"column":3}}],"line":17},"1":{"loc":{"start":{"line":18,"column":4},"end":{"line":21,"column":5}},"type":"if","locations":[{"start":{"line":18,"column":4},"end":{"line":21,"column":5}},{"start":{},"end":{}}],"line":18},"2":{"loc":{"start":{"line":26,"column":2},"end":{"line":31,"column":3}},"type":"if","locations":[{"start":{"line":26,"column":2},"end":{"line":31,"column":3}},{"start":{},"end":{}}],"line":26},"3":{"loc":{"start":{"line":45,"column":2},"end":{"line":51,"column":3}},"type":"if","locations":[{"start":{"line":45,"column":2},"end":{"line":51,"column":3}},{"start":{"line":49,"column":9},"end":{"line":51,"column":3}}],"line":45},"4":{"loc":{"start":{"line":54,"column":2},"end":{"line":60,"column":3}},"type":"if","locations":[{"start":{"line":54,"column":2},"end":{"line":60,"column":3}},{"start":{"line":58,"column":9},"end":{"line":60,"column":3}}],"line":54}},"s":{"0":7,"1":7,"2":7,"3":7,"4":7,"5":7,"6":0,"7":7,"8":2,"9":2,"10":2,"11":2,"12":7,"13":7,"14":7,"15":7,"16":7,"17":7,"18":7,"19":7,"20":6,"21":6,"22":6,"23":1,"24":7,"25":7,"26":6,"27":6,"28":6,"29":1,"30":12,"31":12,"32":12,"33":0,"34":12},"f":{"0":7,"1":7,"2":7,"3":12},"b":{"0":[7,0],"1":[7,0],"2":[2,5],"3":[6,1],"4":[6,1]},"_coverageSchema":"1a1c01bbd47fc00a2c39e90264f33305004495a9","hash":"264776dd22ed442cf8978d6c8dec4d2f350b7ae0"}
,"/home/marijuli/Documentos/Programación/pokedex/src/ui.js/paginador.js": {"path":"/home/marijuli/Documentos/Programación/pokedex/src/ui.js/paginador.js","statementMap":{"0":{"start":{"line":9,"column":18},"end":{"line":9,"column":51}},"1":{"start":{"line":10,"column":28},"end":{"line":10,"column":75}},"2":{"start":{"line":12,"column":2},"end":{"line":12,"column":52}},"3":{"start":{"line":14,"column":2},"end":{"line":17,"column":3}},"4":{"start":{"line":14,"column":20},"end":{"line":14,"column":21}},"5":{"start":{"line":15,"column":25},"end":{"line":15,"column":59}},"6":{"start":{"line":16,"column":4},"end":{"line":16,"column":66}},"7":{"start":{"line":19,"column":2},"end":{"line":19,"column":52}},"8":{"start":{"line":21,"column":19},"end":{"line":21,"column":55}},"9":{"start":{"line":22,"column":2},"end":{"line":26,"column":5}},"10":{"start":{"line":23,"column":4},"end":{"line":25,"column":6}},"11":{"start":{"line":24,"column":6},"end":{"line":24,"column":24}},"12":{"start":{"line":28,"column":2},"end":{"line":28,"column":43}},"13":{"start":{"line":32,"column":18},"end":{"line":32,"column":47}},"14":{"start":{"line":33,"column":2},"end":{"line":33,"column":34}},"15":{"start":{"line":34,"column":2},"end":{"line":34,"column":31}},"16":{"start":{"line":35,"column":2},"end":{"line":35,"column":41}},"17":{"start":{"line":36,"column":2},"end":{"line":36,"column":17}},"18":{"start":{"line":40,"column":2},"end":{"line":40,"column":28}},"19":{"start":{"line":41,"column":2},"end":{"line":41,"column":45}}},"fnMap":{"0":{"name":"armarPaginador","decl":{"start":{"line":8,"column":16},"end":{"line":8,"column":30}},"loc":{"start":{"line":8,"column":63},"end":{"line":29,"column":1}},"line":8},"1":{"name":"(anonymous_1)","decl":{"start":{"line":22,"column":19},"end":{"line":22,"column":20}},"loc":{"start":{"line":22,"column":32},"end":{"line":26,"column":3}},"line":22},"2":{"name":"(anonymous_2)","decl":{"start":{"line":23,"column":22},"end":{"line":23,"column":23}},"loc":{"start":{"line":23,"column":29},"end":{"line":25,"column":5}},"line":23},"3":{"name":"crearItemPaginador","decl":{"start":{"line":31,"column":9},"end":{"line":31,"column":27}},"loc":{"start":{"line":31,"column":44},"end":{"line":37,"column":1}},"line":31},"4":{"name":"identificarPaginasGuia","decl":{"start":{"line":39,"column":9},"end":{"line":39,"column":31}},"loc":{"start":{"line":39,"column":40},"end":{"line":42,"column":1}},"line":39}},"branchMap":{},"s":{"0":1,"1":1,"2":1,"3":1,"4":1,"5":38,"6":38,"7":1,"8":1,"9":1,"10":40,"11":40,"12":1,"13":40,"14":40,"15":40,"16":40,"17":40,"18":1,"19":1},"f":{"0":1,"1":40,"2":40,"3":40,"4":1},"b":{},"_coverageSchema":"1a1c01bbd47fc00a2c39e90264f33305004495a9","hash":"a3e57828ec51635548308d06876c9fcabef493fd"}
,"/home/marijuli/Documentos/Programación/pokedex/src/ui.js/tablero.js": {"path":"/home/marijuli/Documentos/Programación/pokedex/src/ui.js/tablero.js","statementMap":{"0":{"start":{"line":8,"column":2},"end":{"line":10,"column":5}},"1":{"start":{"line":9,"column":4},"end":{"line":9,"column":56}},"2":{"start":{"line":14,"column":19},"end":{"line":14,"column":57}},"3":{"start":{"line":15,"column":2},"end":{"line":15,"column":26}},"4":{"start":{"line":16,"column":2},"end":{"line":23,"column":6}},"5":{"start":{"line":17,"column":19},"end":{"line":17,"column":48}},"6":{"start":{"line":18,"column":4},"end":{"line":18,"column":38}},"7":{"start":{"line":19,"column":4},"end":{"line":19,"column":33}},"8":{"start":{"line":20,"column":4},"end":{"line":20,"column":24}},"9":{"start":{"line":21,"column":4},"end":{"line":21,"column":61}},"10":{"start":{"line":21,"column":30},"end":{"line":21,"column":58}},"11":{"start":{"line":22,"column":4},"end":{"line":22,"column":33}}},"fnMap":{"0":{"name":"armarTablero","decl":{"start":{"line":7,"column":16},"end":{"line":7,"column":28}},"loc":{"start":{"line":7,"column":47},"end":{"line":11,"column":1}},"line":7},"1":{"name":"(anonymous_1)","decl":{"start":{"line":8,"column":44},"end":{"line":8,"column":45}},"loc":{"start":{"line":8,"column":62},"end":{"line":10,"column":3}},"line":8},"2":{"name":"asignarPokemones","decl":{"start":{"line":13,"column":9},"end":{"line":13,"column":25}},"loc":{"start":{"line":13,"column":81},"end":{"line":24,"column":1}},"line":13},"3":{"name":"(anonymous_3)","decl":{"start":{"line":13,"column":71},"end":{"line":13,"column":72}},"loc":{"start":{"line":13,"column":77},"end":{"line":13,"column":79}},"line":13},"4":{"name":"(anonymous_4)","decl":{"start":{"line":16,"column":28},"end":{"line":16,"column":29}},"loc":{"start":{"line":16,"column":41},"end":{"line":23,"column":3}},"line":16},"5":{"name":"(anonymous_5)","decl":{"start":{"line":21,"column":21},"end":{"line":21,"column":22}},"loc":{"start":{"line":21,"column":28},"end":{"line":21,"column":60}},"line":21}},"branchMap":{"0":{"loc":{"start":{"line":13,"column":44},"end":{"line":13,"column":79}},"type":"default-arg","locations":[{"start":{"line":13,"column":71},"end":{"line":13,"column":79}}],"line":13}},"s":{"0":2,"1":0,"2":2,"3":2,"4":2,"5":60,"6":60,"7":60,"8":60,"9":60,"10":0,"11":60},"f":{"0":2,"1":0,"2":2,"3":0,"4":60,"5":0},"b":{"0":[0]},"_coverageSchema":"1a1c01bbd47fc00a2c39e90264f33305004495a9","hash":"f93dc52eb04550e3e05f4a28a5f88410d733eafe"}
}
