TN:
SF:src/cambios.js
FN:17,cargarPokemon
FN:31,cargarDatosPagina
FNF:2
FNH:2
FNDA:1,cargarPokemon
FNDA:8,cargarDatosPagina
DA:18,1
DA:20,1
DA:21,1
DA:22,1
DA:23,1
DA:26,1
DA:29,6
DA:33,8
DA:34,8
DA:35,8
DA:37,8
DA:38,8
DA:39,8
DA:42,8
LF:14
LH:14
BRDA:31,0,0,0
BRF:1
BRH:0
end_of_record
TN:
SF:src/index.js
FNF:0
FNH:0
DA:4,1
LF:1
LH:1
BRF:0
BRH:0
end_of_record
TN:
SF:src/localStorage.js
FN:2,cargarPokemon
FN:11,guardarPokemon
FN:15,cargarDatosPagina
FN:24,guardarDatosPagina
FNF:4
FNH:4
FNDA:2,cargarPokemon
FNDA:2,guardarPokemon
FNDA:9,cargarDatosPagina
FNDA:9,guardarDatosPagina
DA:3,2
DA:4,2
DA:5,1
DA:8,1
DA:12,2
DA:16,9
DA:17,9
DA:18,9
DA:19,8
DA:21,1
DA:25,9
DA:26,9
LF:12
LH:12
BRDA:4,0,0,1
BRDA:4,0,1,1
BRDA:18,1,0,8
BRDA:18,1,1,1
BRF:4
BRH:4
end_of_record
TN:
SF:src/pokeapi.js
FN:2,cargarPokemon
FN:5,(anonymous_1)
FN:10,cargarDatosPagina
FN:13,(anonymous_3)
FNF:4
FNH:4
FNDA:2,cargarPokemon
FNDA:2,(anonymous_1)
FNDA:9,cargarDatosPagina
FNDA:9,(anonymous_3)
DA:3,2
DA:4,2
DA:5,2
DA:8,7
DA:11,9
DA:12,9
DA:13,9
LF:7
LH:7
BRDA:10,0,0,0
BRDA:10,1,0,0
BRF:2
BRH:0
end_of_record
TN:
SF:src/entidades/datosPagina.js
FN:5,(anonymous_0)
FNF:1
FNH:1
FNDA:8,(anonymous_0)
DA:6,8
LF:1
LH:1
BRDA:5,0,0,0
BRF:1
BRH:0
end_of_record
TN:
SF:src/entidades/pokemon.js
FN:3,(anonymous_0)
FNF:1
FNH:1
FNDA:1,(anonymous_0)
DA:4,1
DA:5,1
DA:6,1
DA:7,1
DA:8,1
DA:9,1
DA:10,1
LF:7
LH:7
BRF:0
BRH:0
end_of_record
TN:
SF:src/mapeadores/mapeador.js
FN:5,mapearPokemon
FN:27,mapearDatosPagina
FN:39,(anonymous_2)
FNF:3
FNH:3
FNDA:1,mapearPokemon
FNDA:8,mapearDatosPagina
FNDA:218,(anonymous_2)
DA:14,1
DA:16,1
DA:33,8
DA:35,8
DA:39,218
LF:5
LH:5
BRF:0
BRH:0
end_of_record
TN:
SF:src/ui.js/detallesPokemon.js
FN:4,mostrarDetallesPokemon
FN:16,mostrarInfoPokemon
FN:21,cerrarInfoPokemon
FNF:3
FNH:3
FNDA:1,mostrarDetallesPokemon
FNDA:1,mostrarInfoPokemon
FNDA:8,cerrarInfoPokemon
DA:5,1
DA:6,1
DA:7,1
DA:8,1
DA:9,1
DA:10,1
DA:11,1
DA:13,1
DA:17,1
DA:18,1
DA:22,8
LF:11
LH:11
BRF:0
BRH:0
end_of_record
TN:
SF:src/ui.js/manejoCambioDePagina.js
FN:13,actualizarIndicePagina
FN:34,manejarCambioDePagina
FN:43,actualizarPaginasGuia
FN:63,obtenerOffsetPagina
FNF:4
FNH:4
FNDA:7,actualizarIndicePagina
FNDA:7,manejarCambioDePagina
FNDA:7,actualizarPaginasGuia
FNDA:12,obtenerOffsetPagina
DA:14,7
DA:15,7
DA:17,7
DA:18,7
DA:19,7
DA:20,7
DA:23,0
DA:26,7
DA:27,2
DA:28,2
DA:29,2
DA:30,2
DA:35,7
DA:36,7
DA:37,7
DA:38,7
DA:39,7
DA:40,7
DA:44,7
DA:45,7
DA:46,6
DA:47,6
DA:48,6
DA:50,1
DA:53,7
DA:54,7
DA:55,6
DA:56,6
DA:57,6
DA:59,1
DA:65,12
DA:66,12
DA:67,12
DA:69,0
DA:71,12
LF:35
LH:33
BRDA:17,0,0,7
BRDA:17,0,1,0
BRDA:18,1,0,7
BRDA:18,1,1,0
BRDA:26,2,0,2
BRDA:26,2,1,5
BRDA:45,3,0,6
BRDA:45,3,1,1
BRDA:54,4,0,6
BRDA:54,4,1,1
BRF:10
BRH:8
end_of_record
TN:
SF:src/ui.js/paginador.js
FN:8,armarPaginador
FN:22,(anonymous_1)
FN:23,(anonymous_2)
FN:31,crearItemPaginador
FN:39,identificarPaginasGuia
FNF:5
FNH:5
FNDA:1,armarPaginador
FNDA:40,(anonymous_1)
FNDA:40,(anonymous_2)
FNDA:40,crearItemPaginador
FNDA:1,identificarPaginasGuia
DA:9,1
DA:10,1
DA:12,1
DA:14,1
DA:15,38
DA:16,38
DA:19,1
DA:21,1
DA:22,1
DA:23,40
DA:24,40
DA:28,1
DA:32,40
DA:33,40
DA:34,40
DA:35,40
DA:36,40
DA:40,1
DA:41,1
LF:19
LH:19
BRF:0
BRH:0
end_of_record
TN:
SF:src/ui.js/tablero.js
FN:7,armarTablero
FN:8,(anonymous_1)
FN:13,asignarPokemones
FN:13,(anonymous_3)
FN:16,(anonymous_4)
FN:21,(anonymous_5)
FNF:6
FNH:3
FNDA:2,armarTablero
FNDA:0,(anonymous_1)
FNDA:2,asignarPokemones
FNDA:0,(anonymous_3)
FNDA:60,(anonymous_4)
FNDA:0,(anonymous_5)
DA:8,2
DA:9,0
DA:14,2
DA:15,2
DA:16,2
DA:17,60
DA:18,60
DA:19,60
DA:20,60
DA:21,60
DA:22,60
LF:11
LH:10
BRDA:13,0,0,0
BRF:1
BRH:0
end_of_record
